Using pre-set license
Built from '2020.2/release' branch; Version is '2020.2.1f1 (270dd8c3da1c) revision 2559448'; Using compiler version '192528614'; Build Type 'Release'
OS: 'Windows 10  (10.0.0) 64bit' Language: 'en' Physical Memory: 32687 MB
BatchMode: 1, IsHumanControllingUs: 0, StartBugReporterOnCrash: 0, Is64bit: 1, IsPro: 0

 COMMAND LINE ARGUMENTS:
E:\Unity\2020.2.1f1\Editor\Unity.exe
-adb2
-batchMode
-noUpm
-name
AssetImportWorker0
-projectPath
E:/Development/Unity/WorkingTitle/WorkingTitle
-logFile
Logs/AssetImportWorker0.log
-srvPort
65346
Successfully changed project path to: E:/Development/Unity/WorkingTitle/WorkingTitle
E:/Development/Unity/WorkingTitle/WorkingTitle
Using Asset Import Pipeline V2.
Refreshing native plugins compatible for Editor in 41.93 ms, found 0 plugins.
Preloading 0 native plugins for Editor in 0.00 ms.
Initialize engine version: 2020.2.1f1 (270dd8c3da1c)
[Subsystems] Discovering subsystems at path E:/Unity/2020.2.1f1/Editor/Data/Resources/UnitySubsystems
[Subsystems] Discovering subsystems at path E:/Development/Unity/WorkingTitle/WorkingTitle/Assets
GfxDevice: creating device client; threaded=0
Direct3D:
    Version:  Direct3D 11.0 [level 11.1]
    Renderer: NVIDIA GeForce RTX 2060 (ID=0x1f08)
    Vendor:   
    VRAM:     5980 MB
    Driver:   27.21.14.6140
Initialize mono
Mono path[0] = 'E:/Unity/2020.2.1f1/Editor/Data/Managed'
Mono path[1] = 'E:/Unity/2020.2.1f1/Editor/Data/MonoBleedingEdge/lib/mono/unityjit'
Mono config path = 'E:/Unity/2020.2.1f1/Editor/Data/MonoBleedingEdge/etc'
Using monoOptions --debugger-agent=transport=dt_socket,embedding=1,server=y,suspend=n,address=127.0.0.1:56272
Begin MonoManager ReloadAssembly
Registering precompiled unity dll's ...
Register platform support module: E:/Unity/2020.2.1f1/Editor/Data/PlaybackEngines/WindowsStandaloneSupport/UnityEditor.WindowsStandalone.Extensions.dll
Registered in 0.000716 seconds.
Native extension for WindowsStandalone target not found
Refreshing native plugins compatible for Editor in 43.07 ms, found 0 plugins.
Preloading 0 native plugins for Editor in 0.00 ms.
Invoked RoslynAnalysisRunner static constructor.
RoslynAnalysisRunner will not be running.
RoslynAnalysisRunner has terminated.
Mono: successfully reloaded assembly
- Completed reload, in  0.766 seconds
Platform modules already initialized, skipping
Registering precompiled user dll's ...
Registered in 0.000624 seconds.
Begin MonoManager ReloadAssembly
Native extension for WindowsStandalone target not found
Refreshing native plugins compatible for Editor in 0.43 ms, found 0 plugins.
Preloading 0 native plugins for Editor in 0.00 ms.
Invoked RoslynAnalysisRunner static constructor.
RoslynAnalysisRunner will not be running.
RoslynAnalysisRunner has terminated.
Mono: successfully reloaded assembly
- Completed reload, in  0.616 seconds
Platform modules already initialized, skipping
========================================================================
Worker process is ready to serve import requests
Launched and connected shader compiler UnityShaderCompiler.exe after 0.04 seconds
Refreshing native plugins compatible for Editor in 0.43 ms, found 0 plugins.
Preloading 0 native plugins for Editor in 0.00 ms.
Unloading 829 Unused Serialized files (Serialized files now loaded: 0)
System memory in use before: 48.6 MB.
System memory in use after: 48.6 MB.

Unloading 8 unused Assets to reduce memory usage. Loaded Objects now: 1270.
Total: 1.355000 ms (FindLiveObjects: 0.094400 ms CreateObjectMapping: 0.022400 ms MarkObjects: 1.199300 ms  DeleteObjects: 0.038200 ms)

========================================================================
Received Import Request.
  path: Assets
  artifactKey: Guid(00000000000000001000000000000000) Importer(815301076,1909f56bfc062723c751e8b465ee728b)
Start importing Assets using Guid(00000000000000001000000000000000) Importer(815301076,1909f56bfc062723c751e8b465ee728b)  -> (artifact id: 'e1a2c4dac9df7c17871e19a3b74f0e9f') in 0.003019 seconds
  Import took 0.004536 seconds .

========================================================================
Received Import Request.
  Time since last request: 2.856279 seconds.
  path: Assets/Source
  artifactKey: Guid(e7389a66fe300f842b4f40b175507e56) Importer(815301076,1909f56bfc062723c751e8b465ee728b)
Start importing Assets/Source using Guid(e7389a66fe300f842b4f40b175507e56) Importer(815301076,1909f56bfc062723c751e8b465ee728b)  -> (artifact id: '946db97c0689fc7f6c646c2122d920ac') in 0.001915 seconds
  Import took 0.003612 seconds .

========================================================================
Received Import Request.
  Time since last request: 0.935863 seconds.
  path: Assets/Scenes
  artifactKey: Guid(dc90860a3393aa347b20e55208b8df1d) Importer(815301076,1909f56bfc062723c751e8b465ee728b)
Start importing Assets/Scenes using Guid(dc90860a3393aa347b20e55208b8df1d) Importer(815301076,1909f56bfc062723c751e8b465ee728b)  -> (artifact id: 'b66a4aef72b0821e9ca3568795eed865') in 0.001829 seconds
  Import took 0.003308 seconds .

========================================================================
Received Import Request.
  Time since last request: 7.564913 seconds.
  path: Assets/Source/Editor
  artifactKey: Guid(c6d526019f83f2b41a3f9ebad4d9ba50) Importer(815301076,1909f56bfc062723c751e8b465ee728b)
Start importing Assets/Source/Editor using Guid(c6d526019f83f2b41a3f9ebad4d9ba50) Importer(815301076,1909f56bfc062723c751e8b465ee728b)  -> (artifact id: '47f9d77b04be6211d5dc8be042812450') in 0.001798 seconds
  Import took 0.003207 seconds .

========================================================================
Received Prepare
Registering precompiled user dll's ...
Registered in 0.000667 seconds.
Begin MonoManager ReloadAssembly
Native extension for WindowsStandalone target not found
Refreshing native plugins compatible for Editor in 0.45 ms, found 0 plugins.
Preloading 0 native plugins for Editor in 0.00 ms.
Invoked RoslynAnalysisRunner static constructor.
RoslynAnalysisRunner will not be running.
RoslynAnalysisRunner has terminated.
Mono: successfully reloaded assembly
- Completed reload, in  0.618 seconds
Platform modules already initialized, skipping
Refreshing native plugins compatible for Editor in 0.49 ms, found 0 plugins.
Preloading 0 native plugins for Editor in 0.00 ms.
Unloading 825 Unused Serialized files (Serialized files now loaded: 0)
System memory in use before: 48.7 MB.
System memory in use after: 48.7 MB.

Unloading 4 unused Assets to reduce memory usage. Loaded Objects now: 1273.
Total: 1.180600 ms (FindLiveObjects: 0.099700 ms CreateObjectMapping: 0.019500 ms MarkObjects: 1.045200 ms  DeleteObjects: 0.014900 ms)

========================================================================
Received Prepare
Registering precompiled user dll's ...
Registered in 0.000673 seconds.
Begin MonoManager ReloadAssembly
Native extension for WindowsStandalone target not found
Refreshing native plugins compatible for Editor in 0.45 ms, found 0 plugins.
Preloading 0 native plugins for Editor in 0.00 ms.
Invoked RoslynAnalysisRunner static constructor.
RoslynAnalysisRunner will not be running.
RoslynAnalysisRunner has terminated.
Mono: successfully reloaded assembly
- Completed reload, in  0.583 seconds
Platform modules already initialized, skipping
Refreshing native plugins compatible for Editor in 0.43 ms, found 0 plugins.
Preloading 0 native plugins for Editor in 0.00 ms.
Unloading 826 Unused Serialized files (Serialized files now loaded: 0)
System memory in use before: 48.7 MB.
System memory in use after: 48.8 MB.

Unloading 4 unused Assets to reduce memory usage. Loaded Objects now: 1276.
Total: 1.116000 ms (FindLiveObjects: 0.088200 ms CreateObjectMapping: 0.021100 ms MarkObjects: 0.994500 ms  DeleteObjects: 0.010800 ms)

========================================================================
Received Import Request.
  Time since last request: 1045.517290 seconds.
  path: Assets/Source/Editor/AssetReferenceFinder.cs
  artifactKey: Guid(6d7a314d137fe4049b1008c073dde23e) Importer(815301076,1909f56bfc062723c751e8b465ee728b)
Start importing Assets/Source/Editor/AssetReferenceFinder.cs using Guid(6d7a314d137fe4049b1008c073dde23e) Importer(815301076,1909f56bfc062723c751e8b465ee728b)  -> (artifact id: '99d3f44ef1f988f2ab2b536e7e82ac49') in 0.021239 seconds
  Import took 0.022871 seconds .

========================================================================
Received Import Request.
  Time since last request: 0.013881 seconds.
  path: Assets/Source/Editor/AssetReferenceFinder.cs
  artifactKey: Guid(6d7a314d137fe4049b1008c073dde23e) Importer(815301076,1909f56bfc062723c751e8b465ee728b)
Start importing Assets/Source/Editor/AssetReferenceFinder.cs using Guid(6d7a314d137fe4049b1008c073dde23e) Importer(815301076,1909f56bfc062723c751e8b465ee728b)  -> (artifact id: '99d3f44ef1f988f2ab2b536e7e82ac49') in 0.002714 seconds
  Import took 0.004335 seconds .

========================================================================
Received Import Request.
  Time since last request: 15.491094 seconds.
  path: Assets/Source/Editor/FBXModelImporter.cs
  artifactKey: Guid(43bd0ce95b4fd594e99ece2f107ffb25) Importer(815301076,1909f56bfc062723c751e8b465ee728b)
Start importing Assets/Source/Editor/FBXModelImporter.cs using Guid(43bd0ce95b4fd594e99ece2f107ffb25) Importer(815301076,1909f56bfc062723c751e8b465ee728b)  -> (artifact id: 'be9c1e7024ed96883290f25007ca51ce') in 0.001823 seconds
  Import took 0.003607 seconds .

========================================================================
Received Import Request.
  Time since last request: 0.000819 seconds.
  path: Assets/Source/Editor/FBXModelImporter.cs
  artifactKey: Guid(43bd0ce95b4fd594e99ece2f107ffb25) Importer(815301076,1909f56bfc062723c751e8b465ee728b)
Start importing Assets/Source/Editor/FBXModelImporter.cs using Guid(43bd0ce95b4fd594e99ece2f107ffb25) Importer(815301076,1909f56bfc062723c751e8b465ee728b)  -> (artifact id: 'be9c1e7024ed96883290f25007ca51ce') in 0.002096 seconds
  Import took 0.003761 seconds .

========================================================================
Received Prepare
Registering precompiled user dll's ...
Registered in 0.001009 seconds.
Begin MonoManager ReloadAssembly
Native extension for WindowsStandalone target not found
Refreshing native plugins compatible for Editor in 0.45 ms, found 0 plugins.
Preloading 0 native plugins for Editor in 0.00 ms.
Invoked RoslynAnalysisRunner static constructor.
RoslynAnalysisRunner will not be running.
RoslynAnalysisRunner has terminated.
Mono: successfully reloaded assembly
- Completed reload, in  0.583 seconds
Platform modules already initialized, skipping
Refreshing native plugins compatible for Editor in 0.46 ms, found 0 plugins.
Preloading 0 native plugins for Editor in 0.00 ms.
Unloading 826 Unused Serialized files (Serialized files now loaded: 0)
System memory in use before: 48.8 MB.
System memory in use after: 48.9 MB.

Unloading 4 unused Assets to reduce memory usage. Loaded Objects now: 1278.
Total: 1.293100 ms (FindLiveObjects: 0.106100 ms CreateObjectMapping: 0.022600 ms MarkObjects: 1.152800 ms  DeleteObjects: 0.010700 ms)

========================================================================
Received Import Request.
  Time since last request: 569.668089 seconds.
  path: Assets/Source/Editor/AssetReferenceFinder.cs
  artifactKey: Guid(6d7a314d137fe4049b1008c073dde23e) Importer(815301076,1909f56bfc062723c751e8b465ee728b)
Start importing Assets/Source/Editor/AssetReferenceFinder.cs using Guid(6d7a314d137fe4049b1008c073dde23e) Importer(815301076,1909f56bfc062723c751e8b465ee728b)  -> (artifact id: '92aeb7673c09d7a79b1ef2e260f7eda5') in 0.002751 seconds
  Import took 0.004249 seconds .

========================================================================
Received Prepare
Registering precompiled user dll's ...
Registered in 0.000628 seconds.
Begin MonoManager ReloadAssembly
Native extension for WindowsStandalone target not found
Refreshing native plugins compatible for Editor in 0.44 ms, found 0 plugins.
Preloading 0 native plugins for Editor in 0.00 ms.
Invoked RoslynAnalysisRunner static constructor.
RoslynAnalysisRunner will not be running.
RoslynAnalysisRunner has terminated.
Mono: successfully reloaded assembly
- Completed reload, in  0.609 seconds
Platform modules already initialized, skipping
Refreshing native plugins compatible for Editor in 0.45 ms, found 0 plugins.
Preloading 0 native plugins for Editor in 0.00 ms.
Unloading 827 Unused Serialized files (Serialized files now loaded: 0)
System memory in use before: 49.0 MB.
System memory in use after: 49.0 MB.

Unloading 4 unused Assets to reduce memory usage. Loaded Objects now: 1281.
Total: 1.199500 ms (FindLiveObjects: 0.085700 ms CreateObjectMapping: 0.020900 ms MarkObjects: 1.082700 ms  DeleteObjects: 0.009600 ms)

========================================================================
Received Import Request.
  Time since last request: 23.400342 seconds.
  path: Assets/Source/Editor/Math.cs
  artifactKey: Guid(bbb35a3d5e8c55a47ab1fe9a6fac6310) Importer(815301076,1909f56bfc062723c751e8b465ee728b)
Start importing Assets/Source/Editor/Math.cs using Guid(bbb35a3d5e8c55a47ab1fe9a6fac6310) Importer(815301076,1909f56bfc062723c751e8b465ee728b)  -> (artifact id: '6f39e46edc8db0eac5c19f263bbf4e57') in 0.002964 seconds
  Import took 0.004487 seconds .

========================================================================
Received Prepare
Registering precompiled user dll's ...
Registered in 0.000718 seconds.
Begin MonoManager ReloadAssembly
Native extension for WindowsStandalone target not found
Refreshing native plugins compatible for Editor in 0.45 ms, found 0 plugins.
Preloading 0 native plugins for Editor in 0.00 ms.
Invoked RoslynAnalysisRunner static constructor.
RoslynAnalysisRunner will not be running.
RoslynAnalysisRunner has terminated.
Mono: successfully reloaded assembly
- Completed reload, in  0.585 seconds
Platform modules already initialized, skipping
Refreshing native plugins compatible for Editor in 0.45 ms, found 0 plugins.
Preloading 0 native plugins for Editor in 0.00 ms.
Unloading 826 Unused Serialized files (Serialized files now loaded: 0)
System memory in use before: 48.9 MB.
System memory in use after: 49.0 MB.

Unloading 4 unused Assets to reduce memory usage. Loaded Objects now: 1283.
Total: 1.354300 ms (FindLiveObjects: 0.090500 ms CreateObjectMapping: 0.026700 ms MarkObjects: 1.225500 ms  DeleteObjects: 0.010800 ms)

AssetImportWorkerClient::OnTransportError - code=2 error=End of file
